<?xml version="1.0" encoding="UTF-8"?>
<!-- Generated by org.testng.reporters.JUnitReportReporter -->
<testsuite ignored="0" hostname="Alquiler-12" failures="0" tests="1" name="Test.TestNGEj" time="0.008" errors="0" timestamp="09 nov. 2020 21:54:01 GMT" skipped="0">
  <testcase classname="Test.TestNGEj" name="f" time="0.008"/>
</testsuite> <!-- Test.TestNGEj -->
